<?xml version="1.0" encoding="UTF-8"?>
<!-- Generated by org.testng.reporters.JUnitReportReporter -->
<testsuite skipped="0" hostname="HP-HP" name="testng.Month" tests="2" failures="0" timestamp="17 May 2019 23:51:43 GMT" time="0.012" errors="0">
  <testcase name="month1" time="0.011" classname="testng.Month"/>
  <testcase name="month2" time="0.001" classname="testng.Month"/>
</testsuite> <!-- testng.Month -->
