<?xml version="1.0" encoding="UTF-8"?>
<!-- Generated by org.testng.reporters.JUnitReportReporter -->
<testsuite skipped="0" hostname="HP-HP" name="testng.Week" tests="2" failures="0" timestamp="17 May 2019 03:37:54 GMT" time="0.005" errors="0">
  <testcase name="week" time="0.002" classname="testng.Week"/>
  <testcase name="week1" time="0.003" classname="testng.Week"/>
</testsuite> <!-- testng.Week -->
