<?xml version="1.0" encoding="UTF-8"?>
<!-- Generated by org.testng.reporters.JUnitReportReporter -->
<testsuite skipped="0" hostname="HP-HP" name="junit.Tom" tests="1" failures="0" timestamp="17 May 2019 23:51:43 GMT" time="0.015" errors="0">
  <testcase name="tom" time="0.015" classname="junit.Tom"/>
</testsuite> <!-- junit.Tom -->
