<?xml version="1.0" encoding="UTF-8"?>
<!-- Generated by org.testng.reporters.JUnitReportReporter -->
<testsuite skipped="0" hostname="HP-HP" name="testng.Day" tests="2" failures="0" timestamp="17 May 2019 03:37:54 GMT" time="0.014" errors="0">
  <testcase name="day" time="0.012" classname="testng.Day"/>
  <testcase name="day1" time="0.002" classname="testng.Day"/>
</testsuite> <!-- testng.Day -->
